<?xml version="1.0" encoding="UTF-8"?>
<!-- Generated by org.testng.reporters.JUnitXMLReporter -->
<testsuite ignored="4" hostname="Soundarya" failures="0" tests="4" name="TestCase" time="0.077" errors="0" timestamp="2024-01-28T21:26:21 IST">
  <testcase classname="testNG.Grouping" name="moto1" time="0.01"/>
  <testcase classname="testNG.Grouping" name="moto2" time="0.003"/>
  <testcase classname="testNG.Grouping" name="vivo1" time="0.002"/>
  <testcase classname="testNG.Grouping" name="vivo2" time="0.001"/>
  <testcase classname="testNG.Grouping" name="apple1" time="0.0">
    <ignored/>
  </testcase> <!-- apple1 -->
  <testcase classname="testNG.Grouping" name="apple2" time="0.0">
    <ignored/>
  </testcase> <!-- apple2 -->
  <testcase classname="testNG.Grouping" name="lenovo1" time="0.0">
    <ignored/>
  </testcase> <!-- lenovo1 -->
  <testcase classname="testNG.Grouping" name="lenovo2" time="0.0">
    <ignored/>
  </testcase> <!-- lenovo2 -->
</testsuite> <!-- TestCase -->
