<?xml version="1.0" encoding="UTF-8"?>
<testng-results ignored="0" total="1" passed="1" failed="0" skipped="0">
  <reporter-output>
  </reporter-output>
  <suite started-at="2024-02-04T23:00:45 IST" name="Default suite" finished-at="2024-02-04T23:00:47 IST" duration-ms="2887">
    <groups>
    </groups>
    <test started-at="2024-02-04T23:00:45 IST" name="Default test" finished-at="2024-02-04T23:00:47 IST" duration-ms="2887">
      <class name="extentReport.ExtentReportEx">
        <test-method is-config="true" signature="launchBrowser()[pri:0, instance:extentReport.ExtentReportEx@47eaca72]" started-at="2024-02-04T23:00:42 IST" name="launchBrowser" finished-at="2024-02-04T23:00:45 IST" duration-ms="2388" status="PASS">
          <reporter-output>
          </reporter-output>
        </test-method> <!-- launchBrowser -->
        <test-method signature="openGoogle()[pri:0, instance:extentReport.ExtentReportEx@47eaca72]" started-at="2024-02-04T23:00:45 IST" name="openGoogle" finished-at="2024-02-04T23:00:47 IST" duration-ms="2859" status="PASS">
          <reporter-output>
          </reporter-output>
        </test-method> <!-- openGoogle -->
        <test-method is-config="true" signature="closeBrowser()[pri:0, instance:extentReport.ExtentReportEx@47eaca72]" started-at="2024-02-04T23:00:48 IST" name="closeBrowser" finished-at="2024-02-04T23:00:48 IST" duration-ms="485" status="PASS">
          <reporter-output>
          </reporter-output>
        </test-method> <!-- closeBrowser -->
      </class> <!-- extentReport.ExtentReportEx -->
    </test> <!-- Default test -->
  </suite> <!-- Default suite -->
</testng-results>
